<?xml version="1.0" encoding="UTF-8"?>
<testng-results ignored="0" total="2" passed="2" failed="0" skipped="0">
  <reporter-output>
  </reporter-output>
  <suite started-at="2026-01-13T00:55:56 IST" name="Default suite" finished-at="2026-01-13T00:56:16 IST" duration-ms="20405">
    <groups>
      <group name="cucumber">
        <method signature="AbstractTestNGCucumberTests.runScenario(io.cucumber.testng.PickleWrapper,io.cucumber.testng.FeatureWrapper)[pri:0, instance:com.DemoQA.runners.TestRunner@34e9fd99]" name="runScenario" class="io.cucumber.testng.AbstractTestNGCucumberTests"/>
      </group> <!-- cucumber -->
    </groups>
    <test started-at="2026-01-13T00:55:56 IST" name="Default test" finished-at="2026-01-13T00:56:16 IST" duration-ms="20405">
      <class name="com.DemoQA.runners.TestRunner">
        <test-method is-config="true" signature="setUpClass(org.testng.ITestContext)[pri:0, instance:com.DemoQA.runners.TestRunner@34e9fd99]" started-at="2026-01-13T00:55:56 IST" name="setUpClass" finished-at="2026-01-13T00:55:56 IST" duration-ms="365" status="PASS">
          <params>
            <param index="0">
              <value>
                <![CDATA[org.testng.TestRunner@39ee94de]]>
              </value>
            </param>
          </params>
          <reporter-output>
          </reporter-output>
        </test-method> <!-- setUpClass -->
        <test-method signature="runScenario(io.cucumber.testng.PickleWrapper,io.cucumber.testng.FeatureWrapper)[pri:0, instance:com.DemoQA.runners.TestRunner@34e9fd99]" started-at="2026-01-13T00:55:56 IST" name="runScenario" description="Runs Cucumber Scenarios" data-provider="scenarios" finished-at="2026-01-13T00:56:04 IST" duration-ms="7782" status="PASS">
          <params>
            <param index="0">
              <value>
                <![CDATA["User submits the Text Box form successfully"]]>
              </value>
            </param>
            <param index="1">
              <value>
                <![CDATA["TextBox Functionality on DemoQA"]]>
              </value>
            </param>
          </params>
          <reporter-output>
          </reporter-output>
        </test-method> <!-- runScenario -->
        <test-method signature="runScenario(io.cucumber.testng.PickleWrapper,io.cucumber.testng.FeatureWrapper)[pri:0, instance:com.DemoQA.runners.TestRunner@34e9fd99]" started-at="2026-01-13T00:56:04 IST" name="runScenario" description="Runs Cucumber Scenarios" data-provider="scenarios" finished-at="2026-01-13T00:56:14 IST" duration-ms="10396" status="PASS">
          <params>
            <param index="0">
              <value>
                <![CDATA["Add a new user to the Web Table"]]>
              </value>
            </param>
            <param index="1">
              <value>
                <![CDATA["WebTable Functionality on DemoQA"]]>
              </value>
            </param>
          </params>
          <reporter-output>
          </reporter-output>
        </test-method> <!-- runScenario -->
        <test-method is-config="true" signature="tearDownClass()[pri:0, instance:com.DemoQA.runners.TestRunner@34e9fd99]" started-at="2026-01-13T00:56:14 IST" name="tearDownClass" finished-at="2026-01-13T00:56:16 IST" duration-ms="1831" status="PASS">
          <reporter-output>
          </reporter-output>
        </test-method> <!-- tearDownClass -->
      </class> <!-- com.DemoQA.runners.TestRunner -->
    </test> <!-- Default test -->
  </suite> <!-- Default suite -->
</testng-results>
