<?xml version="1.0" encoding="UTF-8"?>
<!-- Generated by org.testng.reporters.JUnitReportReporter -->
<testsuite hostname="LAPTOP-THN35HTB" failures="0" tests="2" name="com.DemoQA.runners.TestRunner" time="18.178" errors="0" timestamp="2026-01-13T00:56:16 IST" skipped="0">
  <testcase classname="com.DemoQA.runners.TestRunner" name="runScenario" time="7.782"/>
  <testcase classname="com.DemoQA.runners.TestRunner" name="runScenario" time="10.396"/>
</testsuite> <!-- com.DemoQA.runners.TestRunner -->
